This is pdfTeX, Version 3.141592653-2.6-1.40.24 (MiKTeX 22.1) (preloaded format=pdflatex 2023.12.14)  18 FEB 2025 18:05
entering extended mode
 restricted \write18 enabled.
 %&-line parsing enabled.
**./cv_public.tex
(cv_public.tex
LaTeX2e <2023-11-01>
L3 programming layer <2023-12-08>

(/Users/tommy/Library/Application Support/MiKTeX/texmfs/install/tex/latex/base/
article.cls
Document Class: article 2023/05/17 v1.4n Standard LaTeX document class

(/Users/tommy/Library/Application Support/MiKTeX/texmfs/install/tex/latex/base/
size10.clo
File: size10.clo 2023/05/17 v1.4n Standard LaTeX file (size option)
)
\c@part=\count187
\c@section=\count188
\c@subsection=\count189
\c@subsubsection=\count190
\c@paragraph=\count191
\c@subparagraph=\count192
\c@figure=\count193
\c@table=\count194
\abovecaptionskip=\skip48
\belowcaptionskip=\skip49
\bibindent=\dimen140
)
(/Users/tommy/Library/Application Support/MiKTeX/texmfs/install/tex/latex/geome
try/geometry.sty
Package: geometry 2020/01/02 v5.9 Page Geometry

(/Users/tommy/Library/Application Support/MiKTeX/texmfs/install/tex/latex/graph
ics/keyval.sty
Package: keyval 2022/05/29 v1.15 key=value parser (DPC)
\KV@toks@=\toks17
)
(/Users/tommy/Library/Application Support/MiKTeX/texmfs/install/tex/generic/ift
ex/ifvtex.sty
Package: ifvtex 2019/10/25 v1.7 ifvtex legacy package. Use iftex instead.

(/Users/tommy/Library/Application Support/MiKTeX/texmfs/install/tex/generic/ift
ex/iftex.sty
Package: iftex 2022/02/03 v1.0f TeX engine tests
))
\Gm@cnth=\count195
\Gm@cntv=\count196
\c@Gm@tempcnt=\count197
\Gm@bindingoffset=\dimen141
\Gm@wd@mp=\dimen142
\Gm@odd@mp=\dimen143
\Gm@even@mp=\dimen144
\Gm@layoutwidth=\dimen145
\Gm@layoutheight=\dimen146
\Gm@layouthoffset=\dimen147
\Gm@layoutvoffset=\dimen148
\Gm@dimlist=\toks18

(/Users/tommy/Library/Application Support/MiKTeX/texmfs/install/tex/latex/geome
try/geometry.cfg))
(/Users/tommy/Library/Application Support/MiKTeX/texmfs/install/tex/latex/title
sec/titlesec.sty
Package: titlesec 2023/10/27 v2.16 Sectioning titles
\ttl@box=\box51
\beforetitleunit=\skip50
\aftertitleunit=\skip51
\ttl@plus=\dimen149
\ttl@minus=\dimen150
\ttl@toksa=\toks19
\titlewidth=\dimen151
\titlewidthlast=\dimen152
\titlewidthfirst=\dimen153
)
(/Users/tommy/Library/Application Support/MiKTeX/texmfs/install/tex/latex/tools
/tabularx.sty
Package: tabularx 2023/07/08 v2.11c `tabularx' package (DPC)

(/Users/tommy/Library/Application Support/MiKTeX/texmfs/install/tex/latex/tools
/array.sty
Package: array 2023/10/16 v2.5g Tabular extension package (FMi)
\col@sep=\dimen154
\ar@mcellbox=\box52
\extrarowheight=\dimen155
\NC@list=\toks20
\extratabsurround=\skip52
\backup@length=\skip53
\ar@cellbox=\box53
)
\TX@col@width=\dimen156
\TX@old@table=\dimen157
\TX@old@col=\dimen158
\TX@target=\dimen159
\TX@delta=\dimen160
\TX@cols=\count198
\TX@ftn=\toks21
)
(/Users/tommy/Library/Application Support/MiKTeX/texmfs/install/tex/latex/xcolo
r/xcolor.sty
Package: xcolor 2023/11/15 v3.01 LaTeX color extensions (UK)

(/Users/tommy/Library/Application Support/MiKTeX/texmfs/install/tex/latex/graph
ics-cfg/color.cfg
File: color.cfg 2016/01/02 v1.6 sample color configuration
)
Package xcolor Info: Driver file: pdftex.def on input line 274.

(/Users/tommy/Library/Application Support/MiKTeX/texmfs/install/tex/latex/graph
ics-def/pdftex.def
File: pdftex.def 2022/09/22 v1.2b Graphics/color driver for pdftex
)
(/Users/tommy/Library/Application Support/MiKTeX/texmfs/install/tex/latex/graph
ics/mathcolor.ltx)
Package xcolor Info: Model `cmy' substituted by `cmy0' on input line 1350.
Package xcolor Info: Model `hsb' substituted by `rgb' on input line 1354.
Package xcolor Info: Model `RGB' extended on input line 1366.
Package xcolor Info: Model `HTML' substituted by `rgb' on input line 1368.
Package xcolor Info: Model `Hsb' substituted by `hsb' on input line 1369.
Package xcolor Info: Model `tHsb' substituted by `hsb' on input line 1370.
Package xcolor Info: Model `HSB' substituted by `hsb' on input line 1371.
Package xcolor Info: Model `Gray' substituted by `gray' on input line 1372.
Package xcolor Info: Model `wave' substituted by `hsb' on input line 1373.
)
(/Users/tommy/Library/Application Support/MiKTeX/texmfs/install/tex/latex/graph
ics/dvipsnam.def
File: dvipsnam.def 2016/06/17 v3.0m Driver-dependent file (DPC,SPQR)
)
(/Users/tommy/Library/Application Support/MiKTeX/texmfs/install/tex/latex/enumi
tem/enumitem.sty
Package: enumitem 2019/06/20 v3.9 Customized lists
\labelindent=\skip54
\enit@outerparindent=\dimen161
\enit@toks=\toks22
\enit@inbox=\box54
\enit@count@id=\count199
\enitdp@description=\count266
)
(/Users/tommy/Library/Application Support/MiKTeX/texmfs/install/tex/latex/fonta
wesome5/fontawesome5.sty
(/Users/tommy/Library/Application Support/MiKTeX/texmfs/install/tex/latex/l3ker
nel/expl3.sty
Package: expl3 2023-12-08 L3 programming layer (loader) 

(/Users/tommy/Library/Application Support/MiKTeX/texmfs/install/tex/latex/l3bac
kend/l3backend-pdftex.def
File: l3backend-pdftex.def 2023-11-09 L3 backend support: PDF output (pdfTeX)
\l__color_backend_stack_int=\count267
\l__pdf_internal_box=\box55
))
Package: fontawesome5 2022/05/02 v5.15.4 Font Awesome 5

(/Users/tommy/Library/Application Support/MiKTeX/texmfs/install/tex/latex/l3pac
kages/l3keys2e/l3keys2e.sty
Package: l3keys2e 2023-10-10 LaTeX2e option processing using LaTeX3 keys
)
(/Users/tommy/Library/Application Support/MiKTeX/texmfs/install/tex/latex/l3pac
kages/xparse/xparse.sty
Package: xparse 2023-10-10 L3 Experimental document command parser
)
(/Users/tommy/Library/Application Support/MiKTeX/texmfs/install/tex/latex/fonta
wesome5/fontawesome5-generic-helper.sty
Package: fontawesome5-generic-helper 2022/05/02 v5.15.4 non-uTeX helper for fon
tawesome5

(/Users/tommy/Library/Application Support/MiKTeX/texmfs/install/tex/latex/fonta
wesome5/fontawesome5-mapping.def)))
(/Users/tommy/Library/Application Support/MiKTeX/texmfs/install/tex/latex/amsma
th/amsmath.sty
Package: amsmath 2023/05/13 v2.17o AMS math features
\@mathmargin=\skip55

For additional information on amsmath, use the `?' option.

(/Users/tommy/Library/Application Support/MiKTeX/texmfs/install/tex/latex/amsma
th/amstext.sty
Package: amstext 2021/08/26 v2.01 AMS text

(/Users/tommy/Library/Application Support/MiKTeX/texmfs/install/tex/latex/amsma
th/amsgen.sty
File: amsgen.sty 1999/11/30 v2.0 generic functions
\@emptytoks=\toks23
\ex@=\dimen162
))
(/Users/tommy/Library/Application Support/MiKTeX/texmfs/install/tex/latex/amsma
th/amsbsy.sty
Package: amsbsy 1999/11/29 v1.2d Bold Symbols
\pmbraise@=\dimen163
)
(/Users/tommy/Library/Application Support/MiKTeX/texmfs/install/tex/latex/amsma
th/amsopn.sty
Package: amsopn 2022/04/08 v2.04 operator names
)
\inf@bad=\count268
LaTeX Info: Redefining \frac on input line 234.
\uproot@=\count269
\leftroot@=\count270
LaTeX Info: Redefining \overline on input line 399.
LaTeX Info: Redefining \colon on input line 410.
\classnum@=\count271
\DOTSCASE@=\count272
LaTeX Info: Redefining \ldots on input line 496.
LaTeX Info: Redefining \dots on input line 499.
LaTeX Info: Redefining \cdots on input line 620.
\Mathstrutbox@=\box56
\strutbox@=\box57
LaTeX Info: Redefining \big on input line 722.
LaTeX Info: Redefining \Big on input line 723.
LaTeX Info: Redefining \bigg on input line 724.
LaTeX Info: Redefining \Bigg on input line 725.
\big@size=\dimen164
LaTeX Font Info:    Redeclaring font encoding OML on input line 743.
LaTeX Font Info:    Redeclaring font encoding OMS on input line 744.
\macc@depth=\count273
LaTeX Info: Redefining \bmod on input line 905.
LaTeX Info: Redefining \pmod on input line 910.
LaTeX Info: Redefining \smash on input line 940.
LaTeX Info: Redefining \relbar on input line 970.
LaTeX Info: Redefining \Relbar on input line 971.
\c@MaxMatrixCols=\count274
\dotsspace@=\muskip16
\c@parentequation=\count275
\dspbrk@lvl=\count276
\tag@help=\toks24
\row@=\count277
\column@=\count278
\maxfields@=\count279
\andhelp@=\toks25
\eqnshift@=\dimen165
\alignsep@=\dimen166
\tagshift@=\dimen167
\tagwidth@=\dimen168
\totwidth@=\dimen169
\lineht@=\dimen170
\@envbody=\toks26
\multlinegap=\skip56
\multlinetaggap=\skip57
\mathdisplay@stack=\toks27
LaTeX Info: Redefining \[ on input line 2953.
LaTeX Info: Redefining \] on input line 2954.
)
(/Users/tommy/Library/Application Support/MiKTeX/texmfs/install/tex/latex/hyper
ref/hyperref.sty
Package: hyperref 2023-11-26 v7.01g Hypertext links for LaTeX

(/Users/tommy/Library/Application Support/MiKTeX/texmfs/install/tex/generic/inf
warerr/infwarerr.sty
Package: infwarerr 2019/12/03 v1.5 Providing info/warning/error messages (HO)
)
(/Users/tommy/Library/Application Support/MiKTeX/texmfs/install/tex/latex/kvset
keys/kvsetkeys.sty
Package: kvsetkeys 2022-10-05 v1.19 Key value parser (HO)
)
(/Users/tommy/Library/Application Support/MiKTeX/texmfs/install/tex/generic/kvd
efinekeys/kvdefinekeys.sty
Package: kvdefinekeys 2019-12-19 v1.6 Define keys (HO)
)
(/Users/tommy/Library/Application Support/MiKTeX/texmfs/install/tex/generic/pdf
escape/pdfescape.sty
Package: pdfescape 2019/12/09 v1.15 Implements pdfTeX's escape features (HO)

(/Users/tommy/Library/Application Support/MiKTeX/texmfs/install/tex/generic/ltx
cmds/ltxcmds.sty
Package: ltxcmds 2023-12-04 v1.26 LaTeX kernel commands for general use (HO)
)
(/Users/tommy/Library/Application Support/MiKTeX/texmfs/install/tex/generic/pdf
texcmds/pdftexcmds.sty
Package: pdftexcmds 2020-06-27 v0.33 Utility functions of pdfTeX for LuaTeX (HO
)
Package pdftexcmds Info: \pdf@primitive is available.
Package pdftexcmds Info: \pdf@ifprimitive is available.
Package pdftexcmds Info: \pdfdraftmode found.
))
(/Users/tommy/Library/Application Support/MiKTeX/texmfs/install/tex/latex/hycol
or/hycolor.sty
Package: hycolor 2020-01-27 v1.10 Color options for hyperref/bookmark (HO)
)
(/Users/tommy/Library/Application Support/MiKTeX/texmfs/install/tex/latex/letlt
xmacro/letltxmacro.sty
Package: letltxmacro 2019/12/03 v1.6 Let assignment for LaTeX macros (HO)
)
(/Users/tommy/Library/Application Support/MiKTeX/texmfs/install/tex/latex/auxho
ok/auxhook.sty
Package: auxhook 2019-12-17 v1.6 Hooks for auxiliary files (HO)
)
(/Users/tommy/Library/Application Support/MiKTeX/texmfs/install/tex/latex/hyper
ref/nameref.sty
Package: nameref 2023-11-26 v2.56 Cross-referencing by name of section

(/Users/tommy/Library/Application Support/MiKTeX/texmfs/install/tex/latex/refco
unt/refcount.sty
Package: refcount 2019/12/15 v3.6 Data extraction from label references (HO)
)
(/Users/tommy/Library/Application Support/MiKTeX/texmfs/install/tex/generic/get
titlestring/gettitlestring.sty
Package: gettitlestring 2019/12/15 v1.6 Cleanup title references (HO)

(/Users/tommy/Library/Application Support/MiKTeX/texmfs/install/tex/latex/kvopt
ions/kvoptions.sty
Package: kvoptions 2022-06-15 v3.15 Key value format for package options (HO)
))
\c@section@level=\count280
)
(/Users/tommy/Library/Application Support/MiKTeX/texmfs/install/tex/latex/etool
box/etoolbox.sty
Package: etoolbox 2020/10/05 v2.5k e-TeX tools for LaTeX (JAW)
\etb@tempcnta=\count281
)
\@linkdim=\dimen171
\Hy@linkcounter=\count282
\Hy@pagecounter=\count283

(/Users/tommy/Library/Application Support/MiKTeX/texmfs/install/tex/latex/hyper
ref/pd1enc.def
File: pd1enc.def 2023-11-26 v7.01g Hyperref: PDFDocEncoding definition (HO)
Now handling font encoding PD1 ...
... no UTF-8 mapping file for font encoding PD1
)
(/Users/tommy/Library/Application Support/MiKTeX/texmfs/install/tex/generic/int
calc/intcalc.sty
Package: intcalc 2019/12/15 v1.3 Expandable calculations with integers (HO)
)
\Hy@SavedSpaceFactor=\count284

(/Users/tommy/Library/Application Support/MiKTeX/texmfs/install/tex/latex/hyper
ref/puenc.def
File: puenc.def 2023-11-26 v7.01g Hyperref: PDF Unicode definition (HO)
Now handling font encoding PU ...
... no UTF-8 mapping file for font encoding PU
)
Package hyperref Info: Option `colorlinks' set `true' on input line 4064.
Package hyperref Info: Hyper figures OFF on input line 4181.
Package hyperref Info: Link nesting OFF on input line 4186.
Package hyperref Info: Hyper index ON on input line 4189.
Package hyperref Info: Plain pages OFF on input line 4196.
Package hyperref Info: Backreferencing OFF on input line 4201.
Package hyperref Info: Implicit mode ON; LaTeX internals redefined.
Package hyperref Info: Bookmarks ON on input line 4448.
\c@Hy@tempcnt=\count285

(/Users/tommy/Library/Application Support/MiKTeX/texmfs/install/tex/latex/url/u
rl.sty
\Urlmuskip=\muskip17
Package: url 2013/09/16  ver 3.4  Verb mode for urls, etc.
)
LaTeX Info: Redefining \url on input line 4786.
\XeTeXLinkMargin=\dimen172

(/Users/tommy/Library/Application Support/MiKTeX/texmfs/install/tex/generic/bit
set/bitset.sty
Package: bitset 2019/12/09 v1.3 Handle bit-vector datatype (HO)

(/Users/tommy/Library/Application Support/MiKTeX/texmfs/install/tex/generic/big
intcalc/bigintcalc.sty
Package: bigintcalc 2019/12/15 v1.5 Expandable calculations on big integers (HO
)
))
\Fld@menulength=\count286
\Field@Width=\dimen173
\Fld@charsize=\dimen174
Package hyperref Info: Hyper figures OFF on input line 6065.
Package hyperref Info: Link nesting OFF on input line 6070.
Package hyperref Info: Hyper index ON on input line 6073.
Package hyperref Info: backreferencing OFF on input line 6080.
Package hyperref Info: Link coloring ON on input line 6083.
Package hyperref Info: Link coloring with OCG OFF on input line 6090.
Package hyperref Info: PDF/A mode OFF on input line 6095.

(/Users/tommy/Library/Application Support/MiKTeX/texmfs/install/tex/latex/base/
atbegshi-ltx.sty
Package: atbegshi-ltx 2021/01/10 v1.0c Emulation of the original atbegshi
package with kernel methods
)
\Hy@abspage=\count287
\c@Item=\count288
\c@Hfootnote=\count289
)
Package hyperref Info: Driver (autodetected): hpdftex.

(/Users/tommy/Library/Application Support/MiKTeX/texmfs/install/tex/latex/hyper
ref/hpdftex.def
File: hpdftex.def 2023-11-26 v7.01g Hyperref driver for pdfTeX

(/Users/tommy/Library/Application Support/MiKTeX/texmfs/install/tex/latex/base/
atveryend-ltx.sty
Package: atveryend-ltx 2020/08/19 v1.0a Emulation of the original atveryend pac
kage
with kernel methods
)
\Fld@listcount=\count290
\c@bookmark@seq@number=\count291

(/Users/tommy/Library/Application Support/MiKTeX/texmfs/install/tex/latex/rerun
filecheck/rerunfilecheck.sty
Package: rerunfilecheck 2022-07-10 v1.10 Rerun checks for auxiliary files (HO)

(/Users/tommy/Library/Application Support/MiKTeX/texmfs/install/tex/generic/uni
quecounter/uniquecounter.sty
Package: uniquecounter 2019/12/15 v1.4 Provide unlimited unique counter (HO)
)
Package uniquecounter Info: New unique counter `rerunfilecheck' on input line 2
85.
)
\Hy@SectionHShift=\skip58
)
(/Users/tommy/Library/Application Support/MiKTeX/texmfs/install/tex/latex/eso-p
ic/eso-pic.sty
Package: eso-pic 2023/05/03 v3.0c eso-pic (RN)
\ESO@tempdima=\dimen175
\ESO@tempdimb=\dimen176
)
(/Users/tommy/Library/Application Support/MiKTeX/texmfs/install/tex/latex/tools
/calc.sty
Package: calc 2023/07/08 v4.3 Infix arithmetic (KKT,FJ)
\calc@Acount=\count292
\calc@Bcount=\count293
\calc@Adimen=\dimen177
\calc@Bdimen=\dimen178
\calc@Askip=\skip59
\calc@Bskip=\skip60
LaTeX Info: Redefining \setlength on input line 80.
LaTeX Info: Redefining \addtolength on input line 81.
\calc@Ccount=\count294
\calc@Cskip=\skip61
)
(/Users/tommy/Library/Application Support/MiKTeX/texmfs/install/tex/latex/bookm
ark/bookmark.sty
Package: bookmark 2023-12-10 v1.31 PDF bookmarks (HO)

(/Users/tommy/Library/Application Support/MiKTeX/texmfs/install/tex/latex/bookm
ark/bkm-pdftex.def
File: bkm-pdftex.def 2023-12-10 v1.31 bookmark driver for pdfTeX and luaTeX (HO
)
\BKM@id=\count295
))
(/Users/tommy/Library/Application Support/MiKTeX/texmfs/install/tex/latex/lastp
age/lastpage.sty
Package: lastpage 2023/10/14 v2.0e lastpage: 2.09 or 2e? (HMM)

(/Users/tommy/Library/Application Support/MiKTeX/texmfs/install/tex/latex/lastp
age/lastpage2e.sty
Package: lastpage2e 2023/10/14 v2.0e Decide which 2e lastpage version to use (H
MM)

(/Users/tommy/Library/Application Support/MiKTeX/texmfs/install/tex/latex/lastp
age/lastpagemodern.sty
Package: lastpagemodern 2023-10-14 v2.0e Refers to last page's name (HMM; JPG)
\c@lastpagecount=\count296
) 
))
(/Users/tommy/Library/Application Support/MiKTeX/texmfs/install/tex/latex/chang
epage/changepage.sty
Package: changepage 2009/10/20 v1.0c check page and change page layout
\c@cp@cntr=\count297
\cp@tempcnt=\count298
)
(/Users/tommy/Library/Application Support/MiKTeX/texmfs/install/tex/latex/parac
ol/paracol.sty
Package: paracol 2018/12/31 v1.35 
\pcol@currcol=\count299
\pcol@nextcol=\count300
\pcol@ncol=\count301
\pcol@ncolleft=\count302
\pcol@page=\count303
\pcol@basepage=\count304
\pcol@toppage=\count305
\pcol@footnotebase=\count306
\pcol@nfootnotes=\count307
\pcol@mcid=\count308
\pcol@prevdepth=\dimen179
\pcol@colht=\dimen180
\pcol@textfloatsep=\dimen181
\pcol@lrmargin=\dimen182
\pagerim=\dimen183
\pcol@topskip=\skip62
\belowfootnoteskip=\skip63
\pcol@topfnotes=\box58
\pcol@prespan=\box59
\pcol@rightpage=\box60
\pcol@colorstack@saved=\box61
\pcol@tempboxa=\box62
\pcol@tempboxb=\box63
\pcol@colorins=\insert252
\pcol@everyvbox=\toks28
)
(/Users/tommy/Library/Application Support/MiKTeX/texmfs/install/tex/latex/base/
ifthen.sty
Package: ifthen 2022/04/13 v1.1d Standard LaTeX ifthen package (DPC)
)
(/Users/tommy/Library/Application Support/MiKTeX/texmfs/install/tex/latex/needs
pace/needspace.sty
Package: needspace 2010/09/12 v1.3d reserve vertical space
)
(/Users/tommy/Library/Application Support/MiKTeX/texmfs/install/tex/latex/tools
/hhline.sty
Package: hhline 2020/01/04 v2.04 Table rule package (DPC)
)
(/Users/tommy/Library/Application Support/MiKTeX/texmfs/install/tex/generic/pdf
tex/glyphtounicode.tex)
(/Users/tommy/Library/Application Support/MiKTeX/texmfs/install/tex/latex/base/
inputenc.sty
Package: inputenc 2021/02/14 v1.3d Input encoding file
\inpenc@prehook=\toks29
\inpenc@posthook=\toks30
)
(/Users/tommy/Library/Application Support/MiKTeX/texmfs/install/tex/latex/lm/lm
odern.sty
Package: lmodern 2015/05/01 v1.6.1 Latin Modern Fonts
LaTeX Font Info:    Overwriting symbol font `operators' in version `normal'
(Font)                  OT1/cmr/m/n --> OT1/lmr/m/n on input line 22.
LaTeX Font Info:    Overwriting symbol font `letters' in version `normal'
(Font)                  OML/cmm/m/it --> OML/lmm/m/it on input line 23.
LaTeX Font Info:    Overwriting symbol font `symbols' in version `normal'
(Font)                  OMS/cmsy/m/n --> OMS/lmsy/m/n on input line 24.
LaTeX Font Info:    Overwriting symbol font `largesymbols' in version `normal'
(Font)                  OMX/cmex/m/n --> OMX/lmex/m/n on input line 25.
LaTeX Font Info:    Overwriting symbol font `operators' in version `bold'
(Font)                  OT1/cmr/bx/n --> OT1/lmr/bx/n on input line 26.
LaTeX Font Info:    Overwriting symbol font `letters' in version `bold'
(Font)                  OML/cmm/b/it --> OML/lmm/b/it on input line 27.
LaTeX Font Info:    Overwriting symbol font `symbols' in version `bold'
(Font)                  OMS/cmsy/b/n --> OMS/lmsy/b/n on input line 28.
LaTeX Font Info:    Overwriting symbol font `largesymbols' in version `bold'
(Font)                  OMX/cmex/m/n --> OMX/lmex/m/n on input line 29.
LaTeX Font Info:    Overwriting math alphabet `\mathbf' in version `normal'
(Font)                  OT1/cmr/bx/n --> OT1/lmr/bx/n on input line 31.
LaTeX Font Info:    Overwriting math alphabet `\mathsf' in version `normal'
(Font)                  OT1/cmss/m/n --> OT1/lmss/m/n on input line 32.
LaTeX Font Info:    Overwriting math alphabet `\mathit' in version `normal'
(Font)                  OT1/cmr/m/it --> OT1/lmr/m/it on input line 33.
LaTeX Font Info:    Overwriting math alphabet `\mathtt' in version `normal'
(Font)                  OT1/cmtt/m/n --> OT1/lmtt/m/n on input line 34.
LaTeX Font Info:    Overwriting math alphabet `\mathbf' in version `bold'
(Font)                  OT1/cmr/bx/n --> OT1/lmr/bx/n on input line 35.
LaTeX Font Info:    Overwriting math alphabet `\mathsf' in version `bold'
(Font)                  OT1/cmss/bx/n --> OT1/lmss/bx/n on input line 36.
LaTeX Font Info:    Overwriting math alphabet `\mathit' in version `bold'
(Font)                  OT1/cmr/bx/it --> OT1/lmr/bx/it on input line 37.
LaTeX Font Info:    Overwriting math alphabet `\mathtt' in version `bold'
(Font)                  OT1/cmtt/m/n --> OT1/lmtt/m/n on input line 38.
)
LaTeX Font Info:    Trying to load font information for OT1+lmr on input line 1
47.

(/Users/tommy/Library/Application Support/MiKTeX/texmfs/install/tex/latex/lm/ot
1lmr.fd
File: ot1lmr.fd 2015/05/01 v1.6.1 Font defs for Latin Modern
) (cv_public.aux)
\openout1 = `cv_public.aux'.

LaTeX Font Info:    Checking defaults for OML/cmm/m/it on input line 147.
LaTeX Font Info:    ... okay on input line 147.
LaTeX Font Info:    Checking defaults for OMS/cmsy/m/n on input line 147.
LaTeX Font Info:    ... okay on input line 147.
LaTeX Font Info:    Checking defaults for OT1/cmr/m/n on input line 147.
LaTeX Font Info:    ... okay on input line 147.
LaTeX Font Info:    Checking defaults for T1/cmr/m/n on input line 147.
LaTeX Font Info:    ... okay on input line 147.
LaTeX Font Info:    Checking defaults for TS1/cmr/m/n on input line 147.
LaTeX Font Info:    ... okay on input line 147.
LaTeX Font Info:    Checking defaults for OMX/cmex/m/n on input line 147.
LaTeX Font Info:    ... okay on input line 147.
LaTeX Font Info:    Checking defaults for U/cmr/m/n on input line 147.
LaTeX Font Info:    ... okay on input line 147.
LaTeX Font Info:    Checking defaults for PD1/pdf/m/n on input line 147.
LaTeX Font Info:    ... okay on input line 147.
LaTeX Font Info:    Checking defaults for PU/pdf/m/n on input line 147.
LaTeX Font Info:    ... okay on input line 147.

*geometry* driver: auto-detecting
*geometry* detected driver: pdftex
*geometry* verbose mode - [ preamble ] result:
* driver: pdftex
* paper: letterpaper
* layout: <same size as paper>
* layoutoffset:(h,v)=(0.0pt,0.0pt)
* modes: 
* h-part:(L,W,R)=(56.9055pt, 500.484pt, 56.9055pt)
* v-part:(T,H,B)=(56.9055pt, 681.15898pt, 56.9055pt)
* \paperwidth=614.295pt
* \paperheight=794.96999pt
* \textwidth=500.484pt
* \textheight=681.15898pt
* \oddsidemargin=-15.36449pt
* \evensidemargin=-15.36449pt
* \topmargin=-52.36449pt
* \headheight=12.0pt
* \headsep=25.0pt
* \topskip=0.0pt
* \footskip=28.45274pt
* \marginparwidth=65.0pt
* \marginparsep=11.0pt
* \columnsep=0.0pt
* \skip\footins=9.0pt plus 4.0pt minus 2.0pt
* \hoffset=0.0pt
* \voffset=0.0pt
* \mag=1000
* \@twocolumnfalse
* \@twosidefalse
* \@mparswitchfalse
* \@reversemarginfalse
* (1in=72.27pt=25.4mm, 1cm=28.453pt)


(/Users/tommy/Library/Application Support/MiKTeX/texmfs/install/tex/context/bas
e/mkii/supp-pdf.mkii
[Loading MPS to PDF converter (version 2006.09.02).]
\scratchcounter=\count309
\scratchdimen=\dimen184
\scratchbox=\box64
\nofMPsegments=\count310
\nofMParguments=\count311
\everyMPshowfont=\toks31
\MPscratchCnt=\count312
\MPscratchDim=\dimen185
\MPnumerator=\count313
\makeMPintoPDFobject=\count314
\everyMPtoPDFconversion=\toks32
)
Package hyperref Info: Link coloring ON on input line 147.
\ANDbox=\box65
LaTeX Font Info:    Trying to load font information for U+fontawesomefree2 on i
nput line 162.

(/Users/tommy/Library/Application Support/MiKTeX/texmfs/install/tex/latex/fonta
wesome5/ufontawesomefree2.fd)
LaTeX Font Info:    Trying to load font information for U+fontawesomefree1 on i
nput line 166.

(/Users/tommy/Library/Application Support/MiKTeX/texmfs/install/tex/latex/fonta
wesome5/ufontawesomefree1.fd)
LaTeX Font Info:    Trying to load font information for U+fontawesomebrands0 on
 input line 178.

(/Users/tommy/Library/Application Support/MiKTeX/texmfs/install/tex/latex/fonta
wesome5/ufontawesomebrands0.fd)
LaTeX Font Info:    Font shape `U/fontawesomebrands0/solid/n' in size <8> not a
vailable
(Font)              Font shape `U/fontawesomebrands0/regular/n' tried instead o
n input line 178.
LaTeX Font Info:    Trying to load font information for OML+lmm on input line 2
44.

(/Users/tommy/Library/Application Support/MiKTeX/texmfs/install/tex/latex/lm/om
llmm.fd
File: omllmm.fd 2015/05/01 v1.6.1 Font defs for Latin Modern
)
LaTeX Font Info:    Trying to load font information for OMS+lmsy on input line 
244.

(/Users/tommy/Library/Application Support/MiKTeX/texmfs/install/tex/latex/lm/om
slmsy.fd
File: omslmsy.fd 2015/05/01 v1.6.1 Font defs for Latin Modern
)
LaTeX Font Info:    Trying to load font information for OMX+lmex on input line 
244.

(/Users/tommy/Library/Application Support/MiKTeX/texmfs/install/tex/latex/lm/om
xlmex.fd
File: omxlmex.fd 2015/05/01 v1.6.1 Font defs for Latin Modern
)
LaTeX Font Info:    External font `lmex10' loaded for size
(Font)              <10> on input line 244.
LaTeX Font Info:    External font `lmex10' loaded for size
(Font)              <7> on input line 244.
LaTeX Font Info:    External font `lmex10' loaded for size
(Font)              <5> on input line 244.
 [1

{/Users/tommy/Library/Application Support/MiKTeX/texmfs/data/fonts/map/pdftex/p
dftex.map}]
Overfull \hbox (2.57524pt too wide) in paragraph at lines 418--418
 []|\OT1/lmr/bx/n/10 Grade| 
 []


Overfull \hbox (2.57524pt too wide) in paragraph at lines 418--418
 []|\OT1/lmr/bx/n/10 Grade| 
 []

[2] 
enddocument/afterlastpage: lastpage setting LastPage.
(cv_public.aux)
 ***********
LaTeX2e <2023-11-01>
L3 programming layer <2023-12-08>
 ***********
 ) 
Here is how much of TeX's memory you used:
 15222 strings out of 474491
 266341 string characters out of 5735368
 1951470 words of memory out of 5000000
 37289 multiletter control sequences out of 15000+600000
 593456 words of font info for 57 fonts, out of 8000000 for 9000
 1141 hyphenation exceptions out of 8191
 75i,10n,79p,389b,686s stack positions out of 10000i,1000n,20000p,200000b,200000s
{/Users/tommy/Library/Application Support/MiKTeX/texmfs/install/fonts/enc/dvi
ps/lm/lm-rm.enc}{/Users/tommy/Library/Application Support/MiKTeX/texmfs/install
/fonts/enc/dvips/fontawesome5/fa5free1.enc}{/Users/tommy/Library/Application Su
pport/MiKTeX/texmfs/install/fonts/enc/dvips/lm/lm-mathsy.enc}{/Users/tommy/Libr
ary/Application Support/MiKTeX/texmfs/install/fonts/enc/dvips/fontawesome5/fa5b
rands0.enc}{/Users/tommy/Library/Application Support/MiKTeX/texmfs/install/font
s/enc/dvips/fontawesome5/fa5free2.enc}</Users/tommy/Library/Application Support
/MiKTeX/texmfs/install/fonts/type1/public/fontawesome5/FontAwesome5Brands-Regul
ar.pfb></Users/tommy/Library/Application Support/MiKTeX/texmfs/install/fonts/ty
pe1/public/fontawesome5/FontAwesome5Free-Regular.pfb></Users/tommy/Library/Appl
ication Support/MiKTeX/texmfs/install/fonts/type1/public/fontawesome5/FontAweso
me5Free-Solid.pfb></Users/tommy/Library/Application Support/MiKTeX/texmfs/insta
ll/fonts/type1/public/lm/lmbx10.pfb></Users/tommy/Library/Application Support/M
iKTeX/texmfs/install/fonts/type1/public/lm/lmbx12.pfb></Users/tommy/Library/App
lication Support/MiKTeX/texmfs/install/fonts/type1/public/lm/lmr10.pfb></Users/
tommy/Library/Application Support/MiKTeX/texmfs/install/fonts/type1/public/lm/l
mr7.pfb></Users/tommy/Library/Application Support/MiKTeX/texmfs/install/fonts/t
ype1/public/lm/lmri10.pfb></Users/tommy/Library/Application Support/MiKTeX/texm
fs/install/fonts/type1/public/lm/lmri9.pfb></Users/tommy/Library/Application Su
pport/MiKTeX/texmfs/install/fonts/type1/public/lm/lmsy10.pfb>
Output written on cv_public.pdf (2 pages, 228026 bytes).
PDF statistics:
 121 PDF objects out of 1000 (max. 8388607)
 12 named destinations out of 1000 (max. 500000)
 73 words of extra memory for PDF output out of 10000 (max. 10000000)

